%!Adobe-FontList 1.23
%Locale:0x809

%BeginFont
Handler:DirectoryHandler
FontType:TrueType
FontName:Roboto-Black
FamilyName:Roboto
StyleName:Black
FullName:Roboto Black
MenuName:Roboto Black
StyleBits:0
WritingScript:Roman
OutlineFileName:D:\xampp\htdocs\lntt\assets\Font\Roboto-Black.ttf
DataFormat:sfntData
hasSVG:no
VariableFontType:NonVariableFont
FileLength:171480
FileModTime:1357664400
WeightClass:900
WidthClass:5
AngleClass:0
NameArray:0,Mac,4,Roboto Black
NameArray:0,Win,1,Roboto Black
NameArray:0,Win,16,Roboto
%EndFont

%BeginFont
Handler:DirectoryHandler
FontType:TrueType
FontName:Roboto-BlackItalic
FamilyName:Roboto
StyleName:Black Italic
FullName:Roboto Black Italic
MenuName:Roboto Black
StyleBits:1
WritingScript:Roman
OutlineFileName:D:\xampp\htdocs\lntt\assets\Font\Roboto-BlackItalic.ttf
DataFormat:sfntData
hasSVG:no
VariableFontType:NonVariableFont
FileLength:177552
FileModTime:1357664400
WeightClass:900
WidthClass:5
AngleClass:1
NameArray:0,Mac,4,Roboto Black Italic
NameArray:0,Win,1,Roboto Black
NameArray:0,Win,16,Roboto
%EndFont

%BeginFont
Handler:DirectoryHandler
FontType:TrueType
FontName:Roboto-Bold
FamilyName:Roboto
StyleName:Bold
FullName:Roboto Bold
MenuName:Roboto
StyleBits:2
WritingScript:Roman
OutlineFileName:D:\xampp\htdocs\lntt\assets\Font\Roboto-Bold.ttf
DataFormat:sfntData
hasSVG:no
VariableFontType:NonVariableFont
FileLength:170760
FileModTime:1357664400
WeightClass:700
WidthClass:5
AngleClass:0
NameArray:0,Mac,4,Roboto Bold
NameArray:0,Win,1,Roboto
%EndFont

%BeginFont
Handler:DirectoryHandler
FontType:TrueType
FontName:Roboto-BoldItalic
FamilyName:Roboto
StyleName:Bold Italic
FullName:Roboto Bold Italic
MenuName:Roboto
StyleBits:3
WritingScript:Roman
OutlineFileName:D:\xampp\htdocs\lntt\assets\Font\Roboto-BoldItalic.ttf
DataFormat:sfntData
hasSVG:no
VariableFontType:NonVariableFont
FileLength:174952
FileModTime:1357664400
WeightClass:700
WidthClass:5
AngleClass:1
NameArray:0,Mac,4,Roboto Bold Italic
NameArray:0,Win,1,Roboto
%EndFont

%BeginFont
Handler:DirectoryHandler
FontType:TrueType
FontName:Roboto-Italic
FamilyName:Roboto
StyleName:Italic
FullName:Roboto Italic
MenuName:Roboto
StyleBits:1
WritingScript:Roman
OutlineFileName:D:\xampp\htdocs\lntt\assets\Font\Roboto-Italic.ttf
DataFormat:sfntData
hasSVG:no
VariableFontType:NonVariableFont
FileLength:173932
FileModTime:1357664400
WeightClass:400
WidthClass:5
AngleClass:1
NameArray:0,Mac,4,Roboto Italic
NameArray:0,Win,1,Roboto
%EndFont

%BeginFont
Handler:DirectoryHandler
FontType:TrueType
FontName:Roboto-Light
FamilyName:Roboto
StyleName:Light
FullName:Roboto Light
MenuName:Roboto Light
StyleBits:0
WritingScript:Roman
OutlineFileName:D:\xampp\htdocs\lntt\assets\Font\Roboto-Light.ttf
DataFormat:sfntData
hasSVG:no
VariableFontType:NonVariableFont
FileLength:170420
FileModTime:1357664400
WeightClass:300
WidthClass:5
AngleClass:0
NameArray:0,Mac,4,Roboto Light
NameArray:0,Win,1,Roboto Light
NameArray:0,Win,16,Roboto
%EndFont

%BeginFont
Handler:DirectoryHandler
FontType:TrueType
FontName:Roboto-LightItalic
FamilyName:Roboto
StyleName:Light Italic
FullName:Roboto Light Italic
MenuName:Roboto Light
StyleBits:1
WritingScript:Roman
OutlineFileName:D:\xampp\htdocs\lntt\assets\Font\Roboto-LightItalic.ttf
DataFormat:sfntData
hasSVG:no
VariableFontType:NonVariableFont
FileLength:176616
FileModTime:1357664400
WeightClass:300
WidthClass:5
AngleClass:1
NameArray:0,Mac,4,Roboto Light Italic
NameArray:0,Win,1,Roboto Light
NameArray:0,Win,16,Roboto
%EndFont

%BeginFont
Handler:DirectoryHandler
FontType:TrueType
FontName:Roboto-Medium
FamilyName:Roboto
StyleName:Medium
FullName:Roboto Medium
MenuName:Roboto Medium
StyleBits:0
WritingScript:Roman
OutlineFileName:D:\xampp\htdocs\lntt\assets\Font\Roboto-Medium.ttf
DataFormat:sfntData
hasSVG:no
VariableFontType:NonVariableFont
FileLength:172064
FileModTime:1357664400
WeightClass:500
WidthClass:5
AngleClass:0
NameArray:0,Mac,4,Roboto Medium
NameArray:0,Win,1,Roboto Medium
NameArray:0,Win,16,Roboto
%EndFont

%BeginFont
Handler:DirectoryHandler
FontType:TrueType
FontName:Roboto-MediumItalic
FamilyName:Roboto
StyleName:Medium Italic
FullName:Roboto Medium Italic
MenuName:Roboto Medium
StyleBits:1
WritingScript:Roman
OutlineFileName:D:\xampp\htdocs\lntt\assets\Font\Roboto-MediumItalic.ttf
DataFormat:sfntData
hasSVG:no
VariableFontType:NonVariableFont
FileLength:176864
FileModTime:1357664400
WeightClass:500
WidthClass:5
AngleClass:1
NameArray:0,Mac,4,Roboto Medium Italic
NameArray:0,Win,1,Roboto Medium
NameArray:0,Win,16,Roboto
%EndFont

%BeginFont
Handler:DirectoryHandler
FontType:TrueType
FontName:Roboto-Regular
FamilyName:Roboto
StyleName:Regular
FullName:Roboto
MenuName:Roboto
StyleBits:0
WritingScript:Roman
OutlineFileName:D:\xampp\htdocs\lntt\assets\Font\Roboto-Regular.ttf
DataFormat:sfntData
hasSVG:no
VariableFontType:NonVariableFont
FileLength:171676
FileModTime:1357664400
WeightClass:400
WidthClass:5
AngleClass:0
NameArray:0,Mac,4,Roboto
NameArray:0,Win,1,Roboto
%EndFont

%BeginFont
Handler:DirectoryHandler
FontType:TrueType
FontName:Roboto-Thin
FamilyName:Roboto
StyleName:Thin
FullName:Roboto Thin
MenuName:Roboto Thin
StyleBits:0
WritingScript:Roman
OutlineFileName:D:\xampp\htdocs\lntt\assets\Font\Roboto-Thin.ttf
DataFormat:sfntData
hasSVG:no
VariableFontType:NonVariableFont
FileLength:171904
FileModTime:1357664400
WeightClass:250
WidthClass:5
AngleClass:0
NameArray:0,Mac,4,Roboto Thin
NameArray:0,Win,1,Roboto Thin
NameArray:0,Win,16,Roboto
%EndFont

%BeginFont
Handler:DirectoryHandler
FontType:TrueType
FontName:Roboto-ThinItalic
FamilyName:Roboto
StyleName:Thin Italic
FullName:Roboto Thin Italic
MenuName:Roboto Thin
StyleBits:1
WritingScript:Roman
OutlineFileName:D:\xampp\htdocs\lntt\assets\Font\Roboto-ThinItalic.ttf
DataFormat:sfntData
hasSVG:no
VariableFontType:NonVariableFont
FileLength:176300
FileModTime:1357664400
WeightClass:250
WidthClass:5
AngleClass:1
NameArray:0,Mac,4,Roboto Thin Italic
NameArray:0,Win,1,Roboto Thin
NameArray:0,Win,16,Roboto
%EndFont

